9/8/2020 11:29:25 AM	This log contains information about the import schema operation into project 'EmployeeSample' on computer 'SSHEVERDIN' by user 'vsheverdin'.
9/8/2020 11:29:25 AM	Import of database schema has started.
9/8/2020 11:29:29 AM	Gathering database credentials
9/8/2020 11:29:29 AM	Gathering database options
9/8/2020 11:29:29 AM	Gathering users
9/8/2020 11:29:29 AM	Gathering roles
9/8/2020 11:29:29 AM	Gathering application roles
9/8/2020 11:29:29 AM	Gathering role memberships
9/8/2020 11:29:29 AM	Gathering filegroups
9/8/2020 11:29:29 AM	Gathering full-text catalogs
9/8/2020 11:29:29 AM	Gathering assemblies
9/8/2020 11:29:29 AM	Gathering certificates
9/8/2020 11:29:29 AM	Gathering asymmetric keys
9/8/2020 11:29:29 AM	Gathering symmetric keys
9/8/2020 11:29:29 AM	Gathering encrypted symmetric keys
9/8/2020 11:29:29 AM	Gathering schemas
9/8/2020 11:29:29 AM	Gathering XML schema collections
9/8/2020 11:29:29 AM	Gathering user-defined data types
9/8/2020 11:29:29 AM	Gathering user-defined types
9/8/2020 11:29:29 AM	Gathering table types
9/8/2020 11:29:29 AM	Gathering unique keys for table types
9/8/2020 11:29:29 AM	Gathering primary keys for table types
9/8/2020 11:29:29 AM	Gathering indexes for table types
9/8/2020 11:29:29 AM	Gathering check constraints for table types
9/8/2020 11:29:30 AM	Gathering default constraints for table types
9/8/2020 11:29:30 AM	Gathering partition functions
9/8/2020 11:29:30 AM	Gathering partition schemes
9/8/2020 11:29:30 AM	Gathering functions
9/8/2020 11:29:30 AM	Gathering encrypted functions
9/8/2020 11:29:30 AM	Gathering aggregates
9/8/2020 11:29:30 AM	Gathering procedures
9/8/2020 11:29:30 AM	Gathering encrypted procedures
9/8/2020 11:29:30 AM	Gathering tables
9/8/2020 11:29:30 AM	Gathering primary keys
9/8/2020 11:29:30 AM	Gathering unique constraints
9/8/2020 11:29:30 AM	Gathering foreign keys
9/8/2020 11:29:30 AM	Gathering default constraints
9/8/2020 11:29:30 AM	Gathering check constraints
9/8/2020 11:29:30 AM	Gathering views
9/8/2020 11:29:30 AM	Gathering encrypted views
9/8/2020 11:29:30 AM	Gathering indexes
9/8/2020 11:29:30 AM	Gathering statistics
9/8/2020 11:29:30 AM	Gathering full-text index stoplists
9/8/2020 11:29:30 AM	Gathering search property lists
9/8/2020 11:29:30 AM	Gathering search properties
9/8/2020 11:29:30 AM	Gathering full-text indexes
9/8/2020 11:29:30 AM	Gathering column store indexes
9/8/2020 11:29:30 AM	Gathering spatial indexes
9/8/2020 11:29:30 AM	Gathering XML indexes
9/8/2020 11:29:30 AM	Gathering Selective XML indexes
9/8/2020 11:29:30 AM	Gathering encrypted triggers
9/8/2020 11:29:30 AM	Gathering triggers
9/8/2020 11:29:30 AM	Gathering encrypted and clr ddl triggers
9/8/2020 11:29:30 AM	Gathering ddl triggers
9/8/2020 11:29:30 AM	Gathering synonyms
9/8/2020 11:29:30 AM	Gathering defaults
9/8/2020 11:29:30 AM	Gathering data constraint uddt bindings
9/8/2020 11:29:30 AM	Gathering rules
9/8/2020 11:29:30 AM	Gathering data constraint uddt bindings
9/8/2020 11:29:30 AM	Gathering message types
9/8/2020 11:29:30 AM	Gathering queues
9/8/2020 11:29:30 AM	Gathering contracts
9/8/2020 11:29:30 AM	Gathering services
9/8/2020 11:29:30 AM	Gathering event notifications
9/8/2020 11:29:30 AM	Gathering remote service bindings
9/8/2020 11:29:30 AM	Gathering broker priorities
9/8/2020 11:29:30 AM	Gathering signatures
9/8/2020 11:29:30 AM	Gathering data compression options
9/8/2020 11:29:30 AM	Gathering sequence types
9/8/2020 11:29:30 AM	Gathering security policies
9/8/2020 11:29:30 AM	Gather column encryption keys
9/8/2020 11:29:30 AM	Gathering column master keys
9/8/2020 11:29:30 AM	Gathering external data sources
9/8/2020 11:29:30 AM	Gathering external file formats
9/8/2020 11:29:30 AM	Gathering external tables
9/8/2020 11:29:30 AM	Gathering extended properties
9/8/2020 11:29:30 AM	Gathering credentials
9/8/2020 11:29:30 AM	Gathering logins
9/8/2020 11:29:30 AM	Gathering server audits
9/8/2020 11:29:31 AM	Scanning project for duplicate elements
9/8/2020 11:29:32 AM	Finished duplicate element processing
9/8/2020 11:29:32 AM	Finished importing database.
9/8/2020 11:29:32 AM	A summary of the import was saved to the following location: C:\Users\vsheverdin\source\gitrepos\personal\Solutzoid\AllData\EmployeeSample\Import Schema Logs\EmployeeSample_20200908042925.log
9/8/2020 11:29:32 AM	Click Finish to continue...
